<?xml version="1.0" encoding="UTF-8" ?>
<testsuite errors="0" failures="1" hostname="KBP1-DHP-017782" name="tests.TestSuite" skipped="0" tests="3" time="50.724" timestamp="2014-04-17T13:21:40">
  <properties>
    <property name="ant.project.invoked-targets" value="exec" />
    <property name="java.runtime.name" value="Java(TM) SE Runtime Environment" />
    <property name="sun.boot.library.path" value="C:\Program Files (x86)\Java\jdk1.7.0_51\jre\bin" />
    <property name="java.vm.version" value="24.51-b03" />
    <property name="ant.library.dir" value="C:\Program Files (x86)\Apache Software Foundation\apache-ant-1.9.3\lib" />
    <property name="ant.version" value="Apache Ant(TM) version 1.9.3 compiled on December 23 2013" />
    <property name="ant.java.version" value="1.7" />
    <property name="ant.file.test" value="D:\Java\Facebook\build.xml" />
    <property name="java.vm.vendor" value="Oracle Corporation" />
    <property name="java.vendor.url" value="http://java.oracle.com/" />
    <property name="path.separator" value=";" />
    <property name="java.vm.name" value="Java HotSpot(TM) Client VM" />
    <property name="file.encoding.pkg" value="sun.io" />
    <property name="user.script" value="" />
    <property name="user.country" value="US" />
    <property name="sun.java.launcher" value="SUN_STANDARD" />
    <property name="sun.os.patch.level" value="Service Pack 1" />
    <property name="java.vm.specification.name" value="Java Virtual Machine Specification" />
    <property name="user.dir" value="D:\Java\Facebook" />
    <property name="lib" value="./lib" />
    <property name="java.runtime.version" value="1.7.0_51-b13" />
    <property name="bin" value="./bin" />
    <property name="java.awt.graphicsenv" value="sun.awt.Win32GraphicsEnvironment" />
    <property name="basedir" value="D:\Java\Facebook" />
    <property name="java.endorsed.dirs" value="C:\Program Files (x86)\Java\jdk1.7.0_51\jre\lib\endorsed" />
    <property name="os.arch" value="x86" />
    <property name="ant.project.default-target" value="exec" />
    <property name="java.io.tmpdir" value="C:\Users\MYKHAI~1.LUK\AppData\Local\Temp\" />
    <property name="ant.core.lib" value="C:\Program Files (x86)\Apache Software Foundation\apache-ant-1.9.3\lib\ant.jar" />
    <property name="line.separator" value="&#xd;&#xa;" />
    <property name="java.vm.specification.vendor" value="Oracle Corporation" />
    <property name="user.variant" value="" />
    <property name="os.name" value="Windows 7" />
    <property name="ant.home" value="C:\Program Files (x86)\Apache Software Foundation\apache-ant-1.9.3" />
    <property name="ant.project.name" value="test" />
    <property name="sun.jnu.encoding" value="Cp1251" />
    <property name="java.library.path" value="C:\Program Files (x86)\Java\jdk1.7.0_51\bin;C:\Windows\Sun\Java\bin;C:\Windows\system32;C:\Windows;C:\Windows\system32;C:\Windows;C:\Windows\System32\Wbem;C:\Windows\System32\WindowsPowerShell\v1.0\;c:\Python27;c:\Python27\Lib\site-packages;c:\Python27\Scripts;c:\Python27\Lib\site-packages\selenium;C:\Program Files (x86)\Microsoft Team Foundation Server 2010 Power Tools\;C:\Program Files (x86)\Microsoft Team Foundation Server 2010 Power Tools\Best Practices Analyzer\;C:\Program Files (x86)\Java\jdk1.7.0_51\bin\; C:\Program Files\Java\jdk1.7.0_51\bin\;C:\Program Files (x86)\Apache Software Foundation\apache-ant-1.9.3\bin;;." />
    <property name="src" value="./src" />
    <property name="java.class.version" value="51.0" />
    <property name="java.specification.name" value="Java Platform API Specification" />
    <property name="sun.management.compiler" value="HotSpot Client Compiler" />
    <property name="ant.file.type.test" value="file" />
    <property name="os.version" value="6.1" />
    <property name="ant.file" value="D:\Java\Facebook\build.xml" />
    <property name="user.home" value="C:\Users\mykhailo.lukianenko" />
    <property name="user.timezone" value="" />
    <property name="java.awt.printerjob" value="sun.awt.windows.WPrinterJob" />
    <property name="java.specification.version" value="1.7" />
    <property name="file.encoding" value="Cp1251" />
    <property name="java.class.path" value="C:\Program Files (x86)\Apache Software Foundation\apache-ant-1.9.3\lib\ant-launcher.jar;C:\Program Files (x86)\Apache Software Foundation\apache-ant-1.9.3\lib\ant-antlr.jar;C:\Program Files (x86)\Apache Software Foundation\apache-ant-1.9.3\lib\ant-apache-bcel.jar;C:\Program Files (x86)\Apache Software Foundation\apache-ant-1.9.3\lib\ant-apache-bsf.jar;C:\Program Files (x86)\Apache Software Foundation\apache-ant-1.9.3\lib\ant-apache-log4j.jar;C:\Program Files (x86)\Apache Software Foundation\apache-ant-1.9.3\lib\ant-apache-oro.jar;C:\Program Files (x86)\Apache Software Foundation\apache-ant-1.9.3\lib\ant-apache-regexp.jar;C:\Program Files (x86)\Apache Software Foundation\apache-ant-1.9.3\lib\ant-apache-resolver.jar;C:\Program Files (x86)\Apache Software Foundation\apache-ant-1.9.3\lib\ant-apache-xalan2.jar;C:\Program Files (x86)\Apache Software Foundation\apache-ant-1.9.3\lib\ant-commons-logging.jar;C:\Program Files (x86)\Apache Software Foundation\apache-ant-1.9.3\lib\ant-commons-net.jar;C:\Program Files (x86)\Apache Software Foundation\apache-ant-1.9.3\lib\ant-jai.jar;C:\Program Files (x86)\Apache Software Foundation\apache-ant-1.9.3\lib\ant-javamail.jar;C:\Program Files (x86)\Apache Software Foundation\apache-ant-1.9.3\lib\ant-jdepend.jar;C:\Program Files (x86)\Apache Software Foundation\apache-ant-1.9.3\lib\ant-jmf.jar;C:\Program Files (x86)\Apache Software Foundation\apache-ant-1.9.3\lib\ant-jsch.jar;C:\Program Files (x86)\Apache Software Foundation\apache-ant-1.9.3\lib\ant-junit.jar;C:\Program Files (x86)\Apache Software Foundation\apache-ant-1.9.3\lib\ant-junit4.jar;C:\Program Files (x86)\Apache Software Foundation\apache-ant-1.9.3\lib\ant-launcher.jar;C:\Program Files (x86)\Apache Software Foundation\apache-ant-1.9.3\lib\ant-netrexx.jar;C:\Program Files (x86)\Apache Software Foundation\apache-ant-1.9.3\lib\ant-swing.jar;C:\Program Files (x86)\Apache Software Foundation\apache-ant-1.9.3\lib\ant-testutil.jar;C:\Program Files (x86)\Apache Software Foundation\apache-ant-1.9.3\lib\ant.jar;C:\Program Files (x86)\Java\jdk1.7.0_51\lib\tools.jar" />
    <property name="user.name" value="mykhailo.lukianenko" />
    <property name="java.vm.specification.version" value="1.7" />
    <property name="sun.java.command" value="org.apache.tools.ant.launch.Launcher" />
    <property name="sun.arch.data.model" value="32" />
    <property name="java.home" value="C:\Program Files (x86)\Java\jdk1.7.0_51\jre" />
    <property name="java.specification.vendor" value="Oracle Corporation" />
    <property name="user.language" value="en" />
    <property name="awt.toolkit" value="sun.awt.windows.WToolkit" />
    <property name="java.vm.info" value="mixed mode" />
    <property name="java.version" value="1.7.0_51" />
    <property name="java.ext.dirs" value="C:\Program Files (x86)\Java\jdk1.7.0_51\jre\lib\ext;C:\Windows\Sun\Java\lib\ext" />
    <property name="sun.boot.class.path" value="C:\Program Files (x86)\Java\jdk1.7.0_51\jre\lib\resources.jar;C:\Program Files (x86)\Java\jdk1.7.0_51\jre\lib\rt.jar;C:\Program Files (x86)\Java\jdk1.7.0_51\jre\lib\sunrsasign.jar;C:\Program Files (x86)\Java\jdk1.7.0_51\jre\lib\jsse.jar;C:\Program Files (x86)\Java\jdk1.7.0_51\jre\lib\jce.jar;C:\Program Files (x86)\Java\jdk1.7.0_51\jre\lib\charsets.jar;C:\Program Files (x86)\Java\jdk1.7.0_51\jre\lib\jfr.jar;C:\Program Files (x86)\Java\jdk1.7.0_51\jre\classes" />
    <property name="java.vendor" value="Oracle Corporation" />
    <property name="file.separator" value="\" />
    <property name="java.vendor.url.bug" value="http://bugreport.sun.com/bugreport/" />
    <property name="report" value="./report" />
    <property name="sun.cpu.endian" value="little" />
    <property name="sun.io.unicode.encoding" value="UnicodeLittle" />
    <property name="ant.file.type" value="file" />
    <property name="sun.desktop" value="windows" />
    <property name="sun.cpu.isalist" value="pentium_pro+mmx pentium_pro pentium+mmx pentium i486 i386 i86" />
  </properties>
  <testcase classname="tests.LoginTests" name="testLoginIn2" time="16.886" />
  <testcase classname="tests.LoginTests" name="testLoginIn" time="15.129">
    <failure message="expected:&lt;Mi[]hail&gt; but was:&lt;Mi[k]hail&gt;" type="junit.framework.ComparisonFailure">junit.framework.ComparisonFailure: expected:&lt;Mi[]hail&gt; but was:&lt;Mi[k]hail&gt;
	at tests.LoginTests.testLoginIn(Unknown Source)
</failure>
  </testcase>
  <testcase classname="tests.UserPageTests" name="testUserPageOpening" time="18.442" />
  <system-out><![CDATA[
Test Case Name = testLoginIn2

Login page is initialized
Home Page initialized!
Get user name on Navbar. User name = Mihail

Test Case Name = testLoginIn

Login page is initialized
Home Page initialized!
Get user name on Navbar. User name = Mihail

Test Case Name = testUserPageOpening

Login page is initialized
Home Page initialized!
User Page initialized!

]]></system-out>
  <system-err><![CDATA[]]></system-err>
</testsuite>
